# JRE version: Java(TM) SE Runtime Environment (8.0_77-b03) (build 1.8.0_77-b03)
# Java VM: Java HotSpot(TM) 64-Bit Server VM (25.77-b03 mixed mode windows-amd64 compressed oops)
Heap:
 par new generation   total 314560K, used 214769K [0x00000000c0000000, 0x00000000d5550000, 0x00000000d5550000)
  eden space 279616K,  67% used [0x00000000c0000000, 0x00000000cb769da0, 0x00000000d1110000)
  from space 34944K,  77% used [0x00000000d1110000, 0x00000000d2b62938, 0x00000000d3330000)
  to   space 34944K,   0% used [0x00000000d3330000, 0x00000000d3330000, 0x00000000d5550000)
 concurrent mark-sweep generation total 699072K, used 151111K [0x00000000d5550000, 0x0000000100000000, 0x0000000100000000)
 Metaspace       used 28992K, capacity 29325K, committed 29568K, reserved 1075200K
  class space    used 3608K, capacity 3701K, committed 3712K, reserved 1048576K
GC Heap History (10 events):
Event: 5.591 GC heap before
{Heap before GC invocations=4 (full 2):
 par new generation   total 314560K, used 299058K [0x00000000c0000000, 0x00000000d5550000, 0x00000000d5550000)
  eden space 279616K, 100% used [0x00000000c0000000, 0x00000000d1110000, 0x00000000d1110000)
  from space 34944K,  55% used [0x00000000d3330000, 0x00000000d462cb20, 0x00000000d5550000)
  to   space 34944K,   0% used [0x00000000d1110000, 0x00000000d1110000, 0x00000000d3330000)
 concurrent mark-sweep generation total 699072K, used 43521K [0x00000000d5550000, 0x0000000100000000, 0x0000000100000000)
 Metaspace       used 23606K, capacity 23875K, committed 24064K, reserved 1071104K
  class space    used 2916K, capacity 3020K, committed 3072K, reserved 1048576K
Event: 5.600 GC heap after
Heap after GC invocations=5 (full 2):
 par new generation   total 314560K, used 28611K [0x00000000c0000000, 0x00000000d5550000, 0x00000000d5550000)
  eden space 279616K,   0% used [0x00000000c0000000, 0x00000000c0000000, 0x00000000d1110000)
  from space 34944K,  81% used [0x00000000d1110000, 0x00000000d2d00fd0, 0x00000000d3330000)
  to   space 34944K,   0% used [0x00000000d3330000, 0x00000000d3330000, 0x00000000d5550000)
 concurrent mark-sweep generation total 699072K, used 43521K [0x00000000d5550000, 0x0000000100000000, 0x0000000100000000)
 Metaspace       used 23606K, capacity 23875K, committed 24064K, reserved 1071104K
  class space    used 2916K, capacity 3020K, committed 3072K, reserved 1048576K
}
Event: 6.955 GC heap before
{Heap before GC invocations=5 (full 3):
 par new generation   total 314560K, used 308227K [0x00000000c0000000, 0x00000000d5550000, 0x00000000d5550000)
  eden space 279616K, 100% used [0x00000000c0000000, 0x00000000d1110000, 0x00000000d1110000)
  from space 34944K,  81% used [0x00000000d1110000, 0x00000000d2d00fd0, 0x00000000d3330000)
  to   space 34944K,   0% used [0x00000000d3330000, 0x00000000d3330000, 0x00000000d5550000)
 concurrent mark-sweep generation total 699072K, used 43521K [0x00000000d5550000, 0x0000000100000000, 0x0000000100000000)
 Metaspace       used 25347K, capacity 25603K, committed 25856K, reserved 1071104K
  class space    used 3112K, capacity 3212K, committed 3328K, reserved 1048576K
Event: 6.975 GC heap after
Heap after GC invocations=6 (full 3):
 par new generation   total 314560K, used 34943K [0x00000000c0000000, 0x00000000d5550000, 0x00000000d5550000)
  eden space 279616K,   0% used [0x00000000c0000000, 0x00000000c0000000, 0x00000000d1110000)
  from space 34944K,  99% used [0x00000000d3330000, 0x00000000d554fff8, 0x00000000d5550000)
  to   space 34944K,   0% used [0x00000000d1110000, 0x00000000d1110000, 0x00000000d3330000)
 concurrent mark-sweep generation total 699072K, used 54171K [0x00000000d5550000, 0x0000000100000000, 0x0000000100000000)
 Metaspace       used 25347K, capacity 25603K, committed 25856K, reserved 1071104K
  class space    used 3112K, capacity 3212K, committed 3328K, reserved 1048576K
}
Event: 8.530 GC heap before
{Heap before GC invocations=6 (full 3):
 par new generation   total 314560K, used 314559K [0x00000000c0000000, 0x00000000d5550000, 0x00000000d5550000)
  eden space 279616K, 100% used [0x00000000c0000000, 0x00000000d1110000, 0x00000000d1110000)
  from space 34944K,  99% used [0x00000000d3330000, 0x00000000d554fff8, 0x00000000d5550000)
  to   space 34944K,   0% used [0x00000000d1110000, 0x00000000d1110000, 0x00000000d3330000)
 concurrent mark-sweep generation total 699072K, used 54171K [0x00000000d5550000, 0x0000000100000000, 0x0000000100000000)
 Metaspace       used 25380K, capacity 25667K, committed 26112K, reserved 1073152K
  class space    used 3112K, capacity 3212K, committed 3328K, reserved 1048576K
Event: 8.576 GC heap after
Heap after GC invocations=7 (full 3):
 par new generation   total 314560K, used 34943K [0x00000000c0000000, 0x00000000d5550000, 0x00000000d5550000)
  eden space 279616K,   0% used [0x00000000c0000000, 0x00000000c0000000, 0x00000000d1110000)
  from space 34944K,  99% used [0x00000000d1110000, 0x00000000d332fff8, 0x00000000d3330000)
  to   space 34944K,   0% used [0x00000000d3330000, 0x00000000d3330000, 0x00000000d5550000)
 concurrent mark-sweep generation total 699072K, used 99666K [0x00000000d5550000, 0x0000000100000000, 0x0000000100000000)
 Metaspace       used 25380K, capacity 25667K, committed 26112K, reserved 1073152K
  class space    used 3112K, capacity 3212K, committed 3328K, reserved 1048576K
}
Event: 9.745 GC heap before
{Heap before GC invocations=7 (full 3):
 par new generation   total 314560K, used 314559K [0x00000000c0000000, 0x00000000d5550000, 0x00000000d5550000)
  eden space 279616K, 100% used [0x00000000c0000000, 0x00000000d1110000, 0x00000000d1110000)
  from space 34944K,  99% used [0x00000000d1110000, 0x00000000d332fff8, 0x00000000d3330000)
  to   space 34944K,   0% used [0x00000000d3330000, 0x00000000d3330000, 0x00000000d5550000)
 concurrent mark-sweep generation total 699072K, used 97572K [0x00000000d5550000, 0x0000000100000000, 0x0000000100000000)
 Metaspace       used 25429K, capacity 25731K, committed 26112K, reserved 1073152K
  class space    used 3112K, capacity 3212K, committed 3328K, reserved 1048576K
Event: 9.789 GC heap after
Heap after GC invocations=8 (full 3):
 par new generation   total 314560K, used 34944K [0x00000000c0000000, 0x00000000d5550000, 0x00000000d5550000)
  eden space 279616K,   0% used [0x00000000c0000000, 0x00000000c0000000, 0x00000000d1110000)
  from space 34944K, 100% used [0x00000000d3330000, 0x00000000d5550000, 0x00000000d5550000)
  to   space 34944K,   0% used [0x00000000d1110000, 0x00000000d1110000, 0x00000000d3330000)
 concurrent mark-sweep generation total 699072K, used 143283K [0x00000000d5550000, 0x0000000100000000, 0x0000000100000000)
 Metaspace       used 25429K, capacity 25731K, committed 26112K, reserved 1073152K
  class space    used 3112K, capacity 3212K, committed 3328K, reserved 1048576K
}
Event: 10.699 GC heap before
{Heap before GC invocations=8 (full 3):
 par new generation   total 314560K, used 314560K [0x00000000c0000000, 0x00000000d5550000, 0x00000000d5550000)
  eden space 279616K, 100% used [0x00000000c0000000, 0x00000000d1110000, 0x00000000d1110000)
  from space 34944K, 100% used [0x00000000d3330000, 0x00000000d5550000, 0x00000000d5550000)
  to   space 34944K,   0% used [0x00000000d1110000, 0x00000000d1110000, 0x00000000d3330000)
 concurrent mark-sweep generation total 699072K, used 143283K [0x00000000d5550000, 0x0000000100000000, 0x0000000100000000)
 Metaspace       used 27307K, capacity 27625K, committed 27904K, reserved 1073152K
  class space    used 3401K, capacity 3501K, committed 3584K, reserved 1048576K
Event: 10.722 GC heap after
Heap after GC invocations=9 (full 3):
 par new generation   total 314560K, used 26954K [0x00000000c0000000, 0x00000000d5550000, 0x00000000d5550000)
  eden space 279616K,   0% used [0x00000000c0000000, 0x00000000c0000000, 0x00000000d1110000)
  from space 34944K,  77% used [0x00000000d1110000, 0x00000000d2b62938, 0x00000000d3330000)
  to   space 34944K,   0% used [0x00000000d3330000, 0x00000000d3330000, 0x00000000d5550000)
 concurrent mark-sweep generation total 699072K, used 151111K [0x00000000d5550000, 0x0000000100000000, 0x0000000100000000)
 Metaspace       used 27307K, capacity 27625K, committed 27904K, reserved 1073152K
  class space    used 3401K, capacity 3501K, committed 3584K, reserved 1048576K
}

